<?xml version="1.0" encoding="UTF-8"?>
<!-- Generated by org.testng.reporters.JUnitReportReporter -->
<testsuite hostname="DESKTOP-29AVPH0" failures="0" tests="4" name="CrowdTestNgRunner" time="25.253" errors="0" timestamp="27 oct 2023 03:17:04 GMT" skipped="0">
  <testcase classname="CrowdTestNgRunner" name="runScenario" time="7.759"/>
  <testcase classname="CrowdTestNgRunner" name="runScenario" time="4.639"/>
  <testcase classname="CrowdTestNgRunner" name="runScenario" time="6.126"/>
  <testcase classname="CrowdTestNgRunner" name="runScenario" time="6.729"/>
</testsuite> <!-- CrowdTestNgRunner -->
